[debug] [2023-01-06T10:42:41.800Z] ----------------------------------------------------------------------
[debug] [2023-01-06T10:42:41.801Z] Command:       C:\Program Files\nodejs\node.exe C:\Users\Yashraj\AppData\Roaming\npm\node_modules\firebase-tools\lib\bin\firebase.js init
[debug] [2023-01-06T10:42:41.802Z] CLI Version:   11.19.0
[debug] [2023-01-06T10:42:41.802Z] Platform:      win32
[debug] [2023-01-06T10:42:41.802Z] Node Version:  v16.16.0
[debug] [2023-01-06T10:42:41.803Z] Time:          Fri Jan 06 2023 16:12:41 GMT+0530 (India Standard Time)
[debug] [2023-01-06T10:42:41.803Z] ----------------------------------------------------------------------
[debug] 
[debug] [2023-01-06T10:42:41.809Z] > command requires scopes: ["email","openid","https://www.googleapis.com/auth/cloudplatformprojects.readonly","https://www.googleapis.com/auth/firebase","https://www.googleapis.com/auth/cloud-platform"]
[debug] [2023-01-06T10:42:41.810Z] > authorizing via signed-in user (yashrajdeshmukh@eng.rizvi.edu.in)
[info] 
     ######## #### ########  ######## ########     ###     ######  ########
     ##        ##  ##     ## ##       ##     ##  ##   ##  ##       ##
     ######    ##  ########  ######   ########  #########  ######  ######
     ##        ##  ##    ##  ##       ##     ## ##     ##       ## ##
     ##       #### ##     ## ######## ########  ##     ##  ######  ########

You're about to initialize a Firebase project in this directory:

  C:\Users\Yashraj\OneDrive\Desktop\changeOrg\changeorg

[info] 
=== Project Setup
[info] 
[info] First, let's associate this project directory with a Firebase project.
[info] You can create multiple project aliases by running firebase use --add, 
[info] but for now we'll just set up a default project.
[info] 
[debug] [2023-01-06T10:42:47.636Z] >>> [apiv2][query] GET https://firebase.googleapis.com/v1beta1/projects pageSize=100
[debug] [2023-01-06T10:42:53.562Z] <<< [apiv2][status] GET https://firebase.googleapis.com/v1beta1/projects 200
[debug] [2023-01-06T10:42:53.562Z] <<< [apiv2][body] GET https://firebase.googleapis.com/v1beta1/projects [omitted]
[info] i  Using project changeorg-24a12 (changeOrg) 
[info] 
=== Hosting Setup
[info] 
[info] Your public directory is the folder (relative to your project directory) that
[info] will contain Hosting assets to be uploaded with firebase deploy. If you
[info] have a build process for your assets, use your build's output directory.
[info] 
